The system is: Windows - 10.0.19043 - AMD64
Compiling the C compiler identification source file "CMakeCCompilerId.c" succeeded.
Compiler: F:/C++/1/VC/Tools/MSVC/14.29.30133/bin/Hostx86/x86/cl.exe 
Build flags: 
Id flags:  

The output was:
0
Microsoft (R) C/C++ Optimizing Compiler Version 19.29.30141 for x86
Copyright (C) Microsoft Corporation.  All rights reserved.

CMakeCCompilerId.c
Microsoft (R) Incremental Linker Version 14.29.30141.0
Copyright (C) Microsoft Corporation.  All rights reserved.

/out:CMakeCCompilerId.exe 
CMakeCCompilerId.obj 


Compilation of the C compiler identification source "CMakeCCompilerId.c" produced "CMakeCCompilerId.exe"

Compilation of the C compiler identification source "CMakeCCompilerId.c" produced "CMakeCCompilerId.obj"

The C compiler identification is MSVC, found in "F:/C++/Projects/ADSLab_7_2/cmake-build-debug/CMakeFiles/3.23.2/CompilerIdC/CMakeCCompilerId.exe"

Compiling the CXX compiler identification source file "CMakeCXXCompilerId.cpp" succeeded.
Compiler: F:/C++/1/VC/Tools/MSVC/14.29.30133/bin/Hostx86/x86/cl.exe 
Build flags: 
Id flags:  

The output was:
0
Microsoft (R) C/C++ Optimizing Compiler Version 19.29.30141 for x86
Copyright (C) Microsoft Corporation.  All rights reserved.

CMakeCXXCompilerId.cpp
Microsoft (R) Incremental Linker Version 14.29.30141.0
Copyright (C) Microsoft Corporation.  All rights reserved.

/out:CMakeCXXCompilerId.exe 
CMakeCXXCompilerId.obj 


Compilation of the CXX compiler identification source "CMakeCXXCompilerId.cpp" produced "CMakeCXXCompilerId.exe"

Compilation of the CXX compiler identification source "CMakeCXXCompilerId.cpp" produced "CMakeCXXCompilerId.obj"

The CXX compiler identification is MSVC, found in "F:/C++/Projects/ADSLab_7_2/cmake-build-debug/CMakeFiles/3.23.2/CompilerIdCXX/CMakeCXXCompilerId.exe"

Detecting C compiler ABI info compiled with the following output:
Change Dir: F:/C++/Projects/ADSLab_7_2/cmake-build-debug/CMakeFiles/CMakeTmp

Run Build Command(s):F:/C/CLion 2021.2.2/bin/ninja/win/ninja.exe cmTC_f2d70 && [1/2] Building C object CMakeFiles\cmTC_f2d70.dir\CMakeCCompilerABI.c.obj
[2/2] Linking C executable cmTC_f2d70.exe



Detecting CXX compiler ABI info compiled with the following output:
Change Dir: F:/C++/Projects/ADSLab_7_2/cmake-build-debug/CMakeFiles/CMakeTmp

Run Build Command(s):F:/C/CLion 2021.2.2/bin/ninja/win/ninja.exe cmTC_3f27d && [1/2] Building CXX object CMakeFiles\cmTC_3f27d.dir\CMakeCXXCompilerABI.cpp.obj
[2/2] Linking CXX executable cmTC_3f27d.exe



